2025-04-15 20:43:20,078 - INFO - Initializing MQTT client with Client ID: dashboard-4ead4922-9759-4243-8eb6-4b2944c5cdda
2025-04-15 20:43:21,205 - INFO - Initiated connection to broker 239c5a7e95d945809eafbdebe57802a5.s1.eu.hivemq.cloud:8883
2025-04-15 20:43:21,207 - INFO - MQTT client initialized successfully
2025-04-15 20:43:21,424 - INFO - Connected to MQTT broker with code Success
2025-04-15 20:43:28,184 - INFO - Successfully published to control/sawah1/mp3player/play
2025-04-15 20:43:32,764 - INFO - Successfully stopped sound
2025-04-15 20:43:36,687 - INFO - Successfully set volume to 12
2025-04-15 20:43:58,370 - INFO - Initializing MQTT client with Client ID: dashboard-50fd9bf9-6213-4643-bc21-1ecdb95e2fce
2025-04-15 20:43:59,301 - INFO - Initiated connection to broker 239c5a7e95d945809eafbdebe57802a5.s1.eu.hivemq.cloud:8883
2025-04-15 20:43:59,303 - INFO - MQTT client initialized successfully
2025-04-15 20:43:59,605 - INFO - Connected to MQTT broker with code Success
2025-04-15 20:44:01,834 - INFO - Connected to MQTT broker with code Success
2025-04-15 20:44:03,602 - ERROR - Failed to publish to control/sawah1/mp3player/set_volume, status: MQTTErrorCode.MQTT_ERR_NO_CONN
2025-04-15 20:44:03,885 - INFO - Connected to MQTT broker with code Success
2025-04-15 20:44:05,007 - ERROR - Error sending data to Ubidots: 401 Client Error: Unauthorized for url: https://industrial.api.ubidots.com/api/v1.6/devices/None
2025-04-15 20:44:06,189 - INFO - Connected to MQTT broker with code Success
2025-04-15 20:44:07,185 - ERROR - Failed to publish to control/sawah1/mp3player/set_volume, status: MQTTErrorCode.MQTT_ERR_NO_CONN
2025-04-15 20:44:08,181 - INFO - Connected to MQTT broker with code Success
2025-04-15 20:44:08,362 - ERROR - Error sending data to Ubidots: 401 Client Error: Unauthorized for url: https://industrial.api.ubidots.com/api/v1.6/devices/None
2025-04-15 20:44:10,163 - INFO - Connected to MQTT broker with code Success
2025-04-15 20:44:10,715 - ERROR - Failed to publish to control/sawah1/mp3player/set_volume, status: MQTTErrorCode.MQTT_ERR_NO_CONN
2025-04-15 20:44:12,114 - INFO - Connected to MQTT broker with code Success
2025-04-15 20:44:12,178 - ERROR - Error sending data to Ubidots: 401 Client Error: Unauthorized for url: https://industrial.api.ubidots.com/api/v1.6/devices/None
2025-04-15 20:44:14,076 - INFO - Connected to MQTT broker with code Success
2025-04-15 20:44:15,913 - INFO - Connected to MQTT broker with code Success
2025-04-15 20:44:17,833 - INFO - Connected to MQTT broker with code Success
2025-04-15 20:44:19,711 - INFO - Connected to MQTT broker with code Success
2025-04-15 20:44:22,042 - INFO - Connected to MQTT broker with code Success
2025-04-15 20:45:18,839 - INFO - Initializing MQTT client with Client ID: dashboard-3f10a7a9-8610-4bfe-a05d-f922adafdaff
2025-04-15 20:45:19,542 - INFO - Initiated connection to broker 239c5a7e95d945809eafbdebe57802a5.s1.eu.hivemq.cloud:8883
2025-04-15 20:45:19,547 - INFO - MQTT client initialized successfully
2025-04-15 20:45:19,752 - INFO - Connected to MQTT broker with code Success
2025-04-15 20:45:22,958 - INFO - Successfully set volume to 30
2025-04-15 20:45:23,955 - ERROR - Error sending data to Ubidots: 401 Client Error: Unauthorized for url: https://industrial.api.ubidots.com/api/v1.6/devices/smart-rice-guard
2025-04-15 20:45:26,537 - INFO - Successfully set default sound to filenumber 1
2025-04-15 20:45:27,487 - ERROR - Error sending data to Ubidots: 401 Client Error: Unauthorized for url: https://industrial.api.ubidots.com/api/v1.6/devices/smart-rice-guard
2025-04-15 20:45:29,330 - INFO - Successfully set default sound to filenumber 1
2025-04-15 20:45:30,408 - ERROR - Error sending data to Ubidots: 401 Client Error: Unauthorized for url: https://industrial.api.ubidots.com/api/v1.6/devices/smart-rice-guard
2025-04-15 20:45:32,202 - INFO - Successfully played sound file 1
2025-04-15 20:46:00,388 - INFO - Successfully played sound file 1
2025-04-15 20:46:46,984 - INFO - Successfully played sound file 1
2025-04-15 20:47:16,346 - INFO - Successfully played sound file 1
2025-04-15 20:47:47,707 - INFO - Successfully played sound file 1
2025-04-15 20:48:23,084 - INFO - Successfully played sound file 1
2025-04-15 20:48:45,725 - INFO - Successfully set volume to 20
2025-04-15 20:48:46,689 - ERROR - Error sending data to Ubidots: 401 Client Error: Unauthorized for url: https://industrial.api.ubidots.com/api/v1.6/devices/smart-rice-guard
2025-04-15 20:48:49,416 - INFO - Successfully set volume to 23
2025-04-15 20:48:50,486 - ERROR - Error sending data to Ubidots: 401 Client Error: Unauthorized for url: https://industrial.api.ubidots.com/api/v1.6/devices/smart-rice-guard
2025-04-15 20:48:55,990 - INFO - Successfully played sound file 2
2025-04-15 20:49:01,515 - INFO - Successfully played sound file 2
2025-04-15 20:49:25,995 - INFO - Successfully played sound file 2
2025-04-15 20:49:34,195 - INFO - Successfully played sound file 2
2025-04-15 20:49:54,023 - INFO - Successfully set volume to 9
2025-04-15 20:49:55,016 - ERROR - Error sending data to Ubidots: 401 Client Error: Unauthorized for url: https://industrial.api.ubidots.com/api/v1.6/devices/smart-rice-guard
2025-04-15 20:50:10,472 - INFO - Successfully set volume to 20
2025-04-15 20:50:11,904 - ERROR - Error sending data to Ubidots: 401 Client Error: Unauthorized for url: https://industrial.api.ubidots.com/api/v1.6/devices/smart-rice-guard
2025-04-15 20:50:33,123 - INFO - Successfully played sound file 2
2025-04-15 20:50:42,453 - INFO - Successfully set volume to 26
2025-04-15 20:50:43,512 - ERROR - Error sending data to Ubidots: 401 Client Error: Unauthorized for url: https://industrial.api.ubidots.com/api/v1.6/devices/smart-rice-guard
2025-04-15 20:51:25,728 - INFO - Successfully published to control/sawah1/mp3player/play
2025-04-15 20:51:29,616 - INFO - Successfully stopped sound
2025-04-15 20:53:32,637 - INFO - Initializing MQTT client with Client ID: dashboard-339a9ec8-7607-41d1-bf21-4209a55940fe
2025-04-15 20:53:33,545 - INFO - Initiated connection to broker 239c5a7e95d945809eafbdebe57802a5.s1.eu.hivemq.cloud:8883
2025-04-15 20:53:33,547 - INFO - MQTT client initialized successfully
2025-04-15 20:53:33,887 - INFO - Connected to MQTT broker with code Success
2025-04-15 20:53:37,617 - INFO - Successfully published to control/sawah1/mp3player/play
2025-04-15 20:53:40,390 - INFO - Successfully stopped sound
2025-04-15 20:53:45,102 - INFO - Successfully set volume to 30
2025-04-15 20:53:46,124 - INFO - Data sent successfully: {'speaker_volume': [{'status_code': 201}]}
2025-04-15 20:53:50,833 - INFO - Successfully played sound file 1
2025-04-15 20:53:55,047 - INFO - Successfully stopped sound
2025-04-15 20:55:46,802 - INFO - Successfully set default sound to filenumber 1
2025-04-15 20:55:48,175 - INFO - Data sent successfully: {'current_audio': [{'status_code': 201}]}
2025-04-15 20:56:13,702 - INFO - Successfully stopped sound
2025-04-15 21:06:53,654 - INFO - Successfully published to control/sawah1/mp3player/play
2025-04-15 21:07:16,690 - INFO - Successfully published to control/sawah1/mp3player/play
2025-04-15 21:07:18,558 - INFO - Successfully stopped sound
2025-04-15 21:08:16,273 - INFO - Successfully published to control/sawah1/mp3player/play
2025-04-15 21:08:19,960 - INFO - Successfully stopped sound
2025-04-15 21:08:21,136 - INFO - Successfully published to control/sawah1/mp3player/play
2025-04-15 21:08:36,979 - INFO - Successfully published to control/sawah1/mp3player/play
2025-04-15 21:08:40,037 - INFO - Successfully stopped sound
2025-04-15 21:08:41,110 - INFO - Successfully published to control/sawah1/mp3player/play
2025-04-15 21:08:45,909 - INFO - Successfully stopped sound
2025-04-15 21:08:56,934 - INFO - Successfully published to control/sawah1/mp3player/play
2025-04-15 21:08:59,698 - INFO - Successfully stopped sound
2025-04-15 21:09:34,380 - INFO - Successfully published to control/sawah1/mp3player/play
2025-04-15 21:10:06,127 - INFO - Successfully published to control/sawah1/mp3player/play
2025-04-15 21:10:10,468 - INFO - Successfully stopped sound
2025-04-15 21:10:12,024 - INFO - Successfully played sound file 1
2025-04-15 21:10:14,852 - INFO - Successfully stopped sound
2025-04-15 21:10:18,556 - INFO - Successfully set volume to 14
2025-04-15 21:10:19,799 - INFO - Data sent successfully: {'speaker_volume': [{'status_code': 201}]}
2025-04-15 21:10:24,405 - INFO - Successfully played sound file 2
2025-04-15 21:11:09,514 - INFO - Successfully played sound file 2
2025-04-15 21:11:29,824 - INFO - Successfully played sound file 2
2025-04-15 21:11:31,233 - INFO - Successfully played sound file 2
2025-04-15 21:11:33,610 - INFO - Successfully played sound file 2
2025-04-15 21:11:39,751 - INFO - Successfully set volume to 30
2025-04-15 21:11:40,566 - INFO - Data sent successfully: {'speaker_volume': [{'status_code': 201}]}
2025-04-15 21:11:45,842 - INFO - Successfully stopped sound
2025-04-15 21:11:47,642 - INFO - Successfully published to control/sawah1/mp3player/play
2025-04-15 21:11:49,527 - INFO - Successfully stopped sound
2025-04-15 21:12:11,275 - INFO - Successfully published to control/sawah1/mp3player/play
2025-04-15 21:12:12,485 - INFO - Successfully stopped sound
2025-04-15 21:13:08,755 - INFO - Successfully played sound file 3
2025-04-15 21:13:16,403 - INFO - Successfully stopped sound
2025-04-15 21:13:29,994 - INFO - Successfully played sound file 4
2025-04-15 21:13:39,913 - INFO - Successfully set volume to 25
2025-04-15 21:13:40,789 - INFO - Data sent successfully: {'speaker_volume': [{'status_code': 201}]}
2025-04-15 21:14:43,341 - INFO - Successfully set volume to 13
2025-04-15 21:14:44,184 - INFO - Data sent successfully: {'speaker_volume': [{'status_code': 201}]}
2025-04-15 21:14:47,494 - INFO - Successfully set volume to 19
2025-04-15 21:14:48,316 - INFO - Data sent successfully: {'speaker_volume': [{'status_code': 201}]}
2025-04-15 21:14:50,701 - INFO - Successfully set volume to 23
2025-04-15 21:14:51,511 - INFO - Data sent successfully: {'speaker_volume': [{'status_code': 201}]}
2025-04-15 21:18:23,121 - INFO - Successfully set volume to 25
2025-04-15 21:18:24,307 - INFO - Data sent successfully: {'speaker_volume': [{'status_code': 201}]}
2025-04-15 21:18:31,229 - INFO - Successfully set default sound to filenumber 4
2025-04-15 21:18:32,077 - INFO - Data sent successfully: {'current_audio': [{'status_code': 201}]}
2025-04-15 21:18:54,591 - INFO - Successfully set volume to 25
2025-04-15 21:18:55,392 - INFO - Data sent successfully: {'speaker_volume': [{'status_code': 201}]}
2025-04-15 21:18:59,462 - INFO - Successfully set volume to 21
2025-04-15 21:19:00,388 - INFO - Data sent successfully: {'speaker_volume': [{'status_code': 201}]}
2025-04-15 21:21:46,758 - INFO - Initializing MQTT client with Client ID: dashboard-48f4eaf4-30b4-424c-b8cb-3856982e0bf0
2025-04-15 21:21:47,697 - INFO - Initiated connection to broker 239c5a7e95d945809eafbdebe57802a5.s1.eu.hivemq.cloud:8883
2025-04-15 21:21:47,698 - INFO - MQTT client initialized successfully
2025-04-15 21:21:47,910 - INFO - Connected to MQTT broker with code Success
2025-04-15 21:21:50,369 - INFO - Connected to MQTT broker with code Success
2025-04-15 21:21:52,251 - INFO - Connected to MQTT broker with code Success
2025-04-15 21:21:54,257 - INFO - Connected to MQTT broker with code Success
2025-04-15 21:21:56,233 - INFO - Connected to MQTT broker with code Success
2025-04-15 21:21:58,255 - INFO - Connected to MQTT broker with code Success
2025-04-15 21:22:00,434 - INFO - Connected to MQTT broker with code Success
2025-04-15 21:22:02,338 - INFO - Connected to MQTT broker with code Success
2025-04-15 21:22:04,322 - INFO - Connected to MQTT broker with code Success
2025-04-15 21:22:06,168 - INFO - Connected to MQTT broker with code Success
2025-04-15 21:22:08,126 - INFO - Connected to MQTT broker with code Success
2025-04-15 21:22:09,942 - INFO - Connected to MQTT broker with code Success
2025-04-15 21:22:11,979 - INFO - Connected to MQTT broker with code Success
2025-04-15 21:22:14,036 - INFO - Connected to MQTT broker with code Success
2025-04-15 21:22:15,894 - INFO - Connected to MQTT broker with code Success
2025-04-15 21:22:18,013 - INFO - Connected to MQTT broker with code Success
2025-04-15 21:22:19,906 - INFO - Connected to MQTT broker with code Success
2025-04-15 21:22:22,280 - INFO - Connected to MQTT broker with code Success
2025-04-15 21:22:24,473 - INFO - Connected to MQTT broker with code Success
2025-04-15 21:22:26,356 - INFO - Connected to MQTT broker with code Success
2025-04-15 21:22:28,265 - INFO - Connected to MQTT broker with code Success
2025-04-15 21:22:30,539 - INFO - Connected to MQTT broker with code Success
2025-04-15 21:22:32,400 - INFO - Connected to MQTT broker with code Success
2025-04-15 21:22:34,296 - INFO - Connected to MQTT broker with code Success
2025-04-15 21:22:36,173 - INFO - Connected to MQTT broker with code Success
2025-04-15 21:22:38,183 - INFO - Connected to MQTT broker with code Success
2025-04-15 21:22:40,131 - INFO - Connected to MQTT broker with code Success
2025-04-15 21:22:42,040 - INFO - Connected to MQTT broker with code Success
2025-04-15 21:22:44,247 - INFO - Connected to MQTT broker with code Success
2025-04-15 21:22:46,301 - INFO - Connected to MQTT broker with code Success
2025-04-15 21:22:48,529 - INFO - Connected to MQTT broker with code Success
2025-04-15 21:22:50,516 - INFO - Connected to MQTT broker with code Success
2025-04-15 21:22:52,315 - INFO - Connected to MQTT broker with code Success
2025-04-15 21:22:54,371 - INFO - Connected to MQTT broker with code Success
2025-04-15 21:22:56,250 - INFO - Connected to MQTT broker with code Success
2025-04-15 21:22:58,258 - INFO - Connected to MQTT broker with code Success
2025-04-15 21:23:00,326 - INFO - Connected to MQTT broker with code Success
2025-04-15 21:23:02,161 - INFO - Connected to MQTT broker with code Success
2025-04-15 21:23:04,095 - INFO - Connected to MQTT broker with code Success
2025-04-15 21:23:06,284 - INFO - Connected to MQTT broker with code Success
2025-04-15 21:23:08,341 - INFO - Connected to MQTT broker with code Success
2025-04-15 21:23:10,547 - INFO - Connected to MQTT broker with code Success
2025-04-15 21:23:12,547 - INFO - Connected to MQTT broker with code Success
2025-04-15 21:23:14,476 - INFO - Connected to MQTT broker with code Success
2025-04-15 21:23:16,306 - INFO - Connected to MQTT broker with code Success
2025-04-15 21:23:18,355 - INFO - Connected to MQTT broker with code Success
2025-04-15 21:23:20,261 - INFO - Connected to MQTT broker with code Success
2025-04-15 21:23:22,342 - INFO - Connected to MQTT broker with code Success
2025-04-15 21:23:24,261 - INFO - Connected to MQTT broker with code Success
2025-04-15 21:23:26,232 - INFO - Connected to MQTT broker with code Success
2025-04-15 21:23:28,259 - INFO - Connected to MQTT broker with code Success
2025-04-15 21:23:30,296 - INFO - Connected to MQTT broker with code Success
2025-04-15 21:23:32,278 - INFO - Connected to MQTT broker with code Success
2025-04-15 21:23:34,200 - INFO - Connected to MQTT broker with code Success
2025-04-15 21:23:36,094 - INFO - Connected to MQTT broker with code Success
2025-04-15 21:23:37,998 - INFO - Connected to MQTT broker with code Success
2025-04-15 21:23:40,044 - INFO - Connected to MQTT broker with code Success
2025-04-15 21:23:41,874 - INFO - Connected to MQTT broker with code Success
2025-04-15 21:23:43,811 - INFO - Connected to MQTT broker with code Success
2025-04-15 21:23:45,665 - INFO - Connected to MQTT broker with code Success
2025-04-15 21:23:47,744 - INFO - Connected to MQTT broker with code Success
2025-04-15 21:23:49,741 - INFO - Connected to MQTT broker with code Success
2025-04-15 21:23:51,583 - INFO - Connected to MQTT broker with code Success
2025-04-15 21:23:53,756 - INFO - Connected to MQTT broker with code Success
2025-04-15 21:23:55,696 - INFO - Connected to MQTT broker with code Success
2025-04-15 21:23:57,563 - INFO - Connected to MQTT broker with code Success
2025-04-15 21:23:59,529 - INFO - Connected to MQTT broker with code Success
2025-04-15 21:24:01,461 - INFO - Connected to MQTT broker with code Success
2025-04-15 21:24:03,553 - INFO - Connected to MQTT broker with code Success
2025-04-15 21:24:05,561 - INFO - Connected to MQTT broker with code Success
2025-04-15 21:24:07,597 - INFO - Connected to MQTT broker with code Success
2025-04-15 21:24:09,833 - INFO - Connected to MQTT broker with code Success
2025-04-15 21:24:11,778 - INFO - Connected to MQTT broker with code Success
2025-04-15 21:24:13,830 - INFO - Connected to MQTT broker with code Success
2025-04-15 21:24:15,781 - INFO - Connected to MQTT broker with code Success
2025-04-15 21:24:17,589 - INFO - Connected to MQTT broker with code Success
2025-04-15 21:24:19,677 - INFO - Connected to MQTT broker with code Success
2025-04-15 21:24:21,483 - INFO - Connected to MQTT broker with code Success
2025-04-15 21:24:23,356 - INFO - Connected to MQTT broker with code Success
2025-04-15 21:24:25,299 - INFO - Connected to MQTT broker with code Success
2025-04-15 21:24:27,198 - INFO - Connected to MQTT broker with code Success
2025-04-15 21:24:29,098 - INFO - Connected to MQTT broker with code Success
2025-04-15 21:24:30,968 - INFO - Connected to MQTT broker with code Success
2025-04-15 21:24:33,180 - INFO - Connected to MQTT broker with code Success
2025-04-15 21:24:35,248 - INFO - Connected to MQTT broker with code Success
2025-04-15 21:24:37,493 - INFO - Connected to MQTT broker with code Success
2025-04-15 21:24:39,534 - INFO - Connected to MQTT broker with code Success
2025-04-15 21:24:41,351 - INFO - Connected to MQTT broker with code Success
2025-04-15 21:24:43,429 - INFO - Connected to MQTT broker with code Success
2025-04-15 21:24:45,482 - INFO - Connected to MQTT broker with code Success
2025-04-15 21:24:47,518 - INFO - Connected to MQTT broker with code Success
2025-04-15 21:24:49,593 - INFO - Connected to MQTT broker with code Success
2025-04-15 21:24:51,713 - INFO - Connected to MQTT broker with code Success
2025-04-15 21:24:53,689 - INFO - Connected to MQTT broker with code Success
2025-04-15 21:24:55,628 - INFO - Connected to MQTT broker with code Success
2025-04-15 21:24:57,550 - INFO - Connected to MQTT broker with code Success
2025-04-15 21:24:59,724 - INFO - Connected to MQTT broker with code Success
2025-04-15 21:25:01,751 - INFO - Connected to MQTT broker with code Success
2025-04-15 21:25:04,104 - INFO - Connected to MQTT broker with code Success
2025-04-15 21:25:06,049 - INFO - Connected to MQTT broker with code Success
2025-04-15 21:25:08,015 - INFO - Connected to MQTT broker with code Success
2025-04-15 21:25:10,248 - INFO - Connected to MQTT broker with code Success
2025-04-15 21:25:12,419 - INFO - Connected to MQTT broker with code Success
2025-04-15 21:25:14,452 - INFO - Connected to MQTT broker with code Success
2025-04-15 21:25:16,363 - INFO - Connected to MQTT broker with code Success
2025-04-15 21:25:18,268 - INFO - Connected to MQTT broker with code Success
2025-04-15 21:25:20,266 - INFO - Connected to MQTT broker with code Success
2025-04-15 21:25:22,229 - INFO - Connected to MQTT broker with code Success
2025-04-15 21:25:24,191 - INFO - Connected to MQTT broker with code Success
2025-04-15 21:25:26,224 - INFO - Connected to MQTT broker with code Success
2025-04-15 21:25:28,184 - INFO - Connected to MQTT broker with code Success
2025-04-15 21:25:30,128 - INFO - Connected to MQTT broker with code Success
2025-04-15 21:25:31,976 - INFO - Connected to MQTT broker with code Success
2025-04-15 21:25:33,816 - INFO - Connected to MQTT broker with code Success
2025-04-15 21:25:35,798 - INFO - Connected to MQTT broker with code Success
2025-04-15 21:25:38,109 - INFO - Connected to MQTT broker with code Success
2025-04-15 21:25:40,568 - INFO - Connected to MQTT broker with code Success
2025-04-15 21:25:43,128 - INFO - Connected to MQTT broker with code Success
2025-04-15 21:25:45,195 - INFO - Connected to MQTT broker with code Success
2025-04-15 21:25:48,446 - INFO - Connected to MQTT broker with code Success
2025-04-15 21:25:50,798 - INFO - Connected to MQTT broker with code Success
2025-04-15 21:25:52,687 - INFO - Connected to MQTT broker with code Success
2025-04-15 21:25:54,540 - INFO - Connected to MQTT broker with code Success
2025-04-15 21:25:56,448 - INFO - Connected to MQTT broker with code Success
2025-04-15 21:25:58,511 - INFO - Connected to MQTT broker with code Success
2025-04-15 21:26:00,661 - INFO - Connected to MQTT broker with code Success
2025-04-15 21:26:02,554 - INFO - Connected to MQTT broker with code Success
2025-04-15 21:26:04,521 - INFO - Connected to MQTT broker with code Success
2025-04-15 21:26:06,673 - INFO - Connected to MQTT broker with code Success
2025-04-15 21:26:08,741 - INFO - Connected to MQTT broker with code Success
2025-04-15 21:26:10,766 - INFO - Connected to MQTT broker with code Success
2025-04-15 21:26:12,649 - INFO - Connected to MQTT broker with code Success
2025-04-15 21:26:14,555 - INFO - Connected to MQTT broker with code Success
2025-04-15 21:26:16,407 - INFO - Connected to MQTT broker with code Success
2025-04-15 21:26:18,366 - INFO - Connected to MQTT broker with code Success
2025-04-15 21:26:20,294 - INFO - Connected to MQTT broker with code Success
2025-04-15 21:26:22,152 - INFO - Connected to MQTT broker with code Success
2025-04-15 21:26:24,123 - INFO - Connected to MQTT broker with code Success
2025-04-15 21:26:26,054 - INFO - Connected to MQTT broker with code Success
2025-04-15 21:26:27,968 - INFO - Connected to MQTT broker with code Success
2025-04-15 21:26:29,871 - INFO - Connected to MQTT broker with code Success
2025-04-15 21:26:31,759 - INFO - Connected to MQTT broker with code Success
2025-04-15 21:26:33,695 - INFO - Connected to MQTT broker with code Success
2025-04-15 21:26:33,699 - INFO - Successfully published to control/sawah1/mp3player/play
2025-04-15 21:26:35,601 - INFO - Connected to MQTT broker with code Success
2025-04-15 21:26:36,108 - ERROR - Failed to publish to control/sawah1/mp3player/stop, status: MQTTErrorCode.MQTT_ERR_NO_CONN
2025-04-15 21:26:37,596 - INFO - Connected to MQTT broker with code Success
2025-04-15 21:26:39,438 - INFO - Connected to MQTT broker with code Success
2025-04-15 21:26:41,397 - INFO - Connected to MQTT broker with code Success
2025-04-15 21:26:41,829 - INFO - Successfully set volume to 14
2025-04-15 21:26:42,648 - INFO - Data sent successfully: {'speaker_volume': [{'status_code': 201}]}
2025-04-15 21:26:43,254 - INFO - Connected to MQTT broker with code Success
2025-04-15 21:26:43,266 - ERROR - Failed to publish to control/sawah1/mp3player/play, status: MQTTErrorCode.MQTT_ERR_NO_CONN
2025-04-15 21:26:45,299 - INFO - Connected to MQTT broker with code Success
2025-04-15 21:26:45,373 - INFO - Successfully published to control/sawah1/mp3player/play
2025-04-15 21:26:47,325 - INFO - Connected to MQTT broker with code Success
2025-04-15 21:26:49,394 - INFO - Connected to MQTT broker with code Success
2025-04-15 21:26:51,373 - INFO - Connected to MQTT broker with code Success
2025-04-15 21:26:52,171 - ERROR - Failed to publish to control/sawah1/mp3player/set_volume, status: MQTTErrorCode.MQTT_ERR_NO_CONN
2025-04-15 21:26:53,013 - INFO - Data sent successfully: {'speaker_volume': [{'status_code': 201}]}
2025-04-15 21:26:53,302 - INFO - Connected to MQTT broker with code Success
2025-04-15 21:26:55,517 - INFO - Connected to MQTT broker with code Success
2025-04-15 21:26:57,367 - INFO - Connected to MQTT broker with code Success
2025-04-15 21:26:59,316 - INFO - Successfully set volume to 29
2025-04-15 21:26:59,483 - INFO - Connected to MQTT broker with code Success
2025-04-15 21:27:00,095 - INFO - Data sent successfully: {'speaker_volume': [{'status_code': 201}]}
2025-04-15 21:27:01,329 - INFO - Connected to MQTT broker with code Success
2025-04-15 21:27:03,321 - INFO - Connected to MQTT broker with code Success
2025-04-15 21:27:05,447 - INFO - Connected to MQTT broker with code Success
2025-04-15 21:27:07,599 - INFO - Connected to MQTT broker with code Success
2025-04-15 21:27:09,484 - INFO - Connected to MQTT broker with code Success
2025-04-15 21:27:11,491 - INFO - Connected to MQTT broker with code Success
2025-04-15 21:27:13,487 - INFO - Connected to MQTT broker with code Success
2025-04-15 21:27:15,308 - INFO - Connected to MQTT broker with code Success
2025-04-15 21:27:17,104 - INFO - Connected to MQTT broker with code Success
2025-04-15 21:27:19,090 - INFO - Connected to MQTT broker with code Success
2025-04-15 21:27:21,024 - INFO - Connected to MQTT broker with code Success
2025-04-15 21:27:22,949 - INFO - Connected to MQTT broker with code Success
2025-04-15 21:27:24,697 - ERROR - Failed to publish to setting/sawah1/mp3player/default_filenumber, status: MQTTErrorCode.MQTT_ERR_NO_CONN
2025-04-15 21:27:24,929 - INFO - Connected to MQTT broker with code Success
2025-04-15 21:27:25,517 - INFO - Data sent successfully: {'current_audio': [{'status_code': 201}]}
2025-04-15 21:27:26,877 - INFO - Connected to MQTT broker with code Success
2025-04-15 21:27:28,804 - INFO - Connected to MQTT broker with code Success
2025-04-15 21:27:29,791 - INFO - Successfully set default sound to filenumber 3
2025-04-15 21:27:30,594 - INFO - Data sent successfully: {'current_audio': [{'status_code': 201}]}
2025-04-15 21:27:30,760 - INFO - Connected to MQTT broker with code Success
2025-04-15 21:27:32,575 - INFO - Connected to MQTT broker with code Success
2025-04-15 21:27:34,639 - INFO - Connected to MQTT broker with code Success
2025-04-15 21:27:37,090 - INFO - Connected to MQTT broker with code Success
2025-04-15 21:27:38,985 - INFO - Connected to MQTT broker with code Success
2025-04-15 21:27:41,321 - INFO - Connected to MQTT broker with code Success
2025-04-15 21:27:43,253 - INFO - Connected to MQTT broker with code Success
2025-04-15 21:27:45,862 - INFO - Connected to MQTT broker with code Success
2025-04-15 21:27:48,059 - INFO - Connected to MQTT broker with code Success
2025-04-15 21:27:50,003 - INFO - Connected to MQTT broker with code Success
2025-04-15 21:27:51,924 - INFO - Connected to MQTT broker with code Success
2025-04-15 21:27:54,016 - INFO - Connected to MQTT broker with code Success
2025-04-15 21:27:56,022 - INFO - Connected to MQTT broker with code Success
2025-04-15 21:27:57,904 - INFO - Connected to MQTT broker with code Success
2025-04-15 21:27:59,720 - INFO - Connected to MQTT broker with code Success
2025-04-15 21:28:01,550 - INFO - Connected to MQTT broker with code Success
2025-04-15 21:28:03,464 - INFO - Connected to MQTT broker with code Success
2025-04-15 21:28:05,316 - INFO - Connected to MQTT broker with code Success
2025-04-15 21:28:07,212 - INFO - Connected to MQTT broker with code Success
2025-04-15 21:28:09,374 - INFO - Connected to MQTT broker with code Success
2025-04-15 21:28:11,189 - INFO - Connected to MQTT broker with code Success
2025-04-15 21:28:11,542 - INFO - WebSocket thread started
2025-04-15 21:28:11,589 - INFO - Connected to WebSocket
2025-04-15 21:28:13,086 - INFO - Connected to MQTT broker with code Success
2025-04-15 21:28:15,002 - INFO - Connected to MQTT broker with code Success
2025-04-15 21:28:16,915 - INFO - Connected to MQTT broker with code Success
2025-04-15 21:28:18,797 - INFO - Connected to MQTT broker with code Success
2025-04-15 21:28:20,734 - INFO - Connected to MQTT broker with code Success
2025-04-15 21:28:22,670 - INFO - Connected to MQTT broker with code Success
2025-04-15 21:28:24,493 - INFO - Connected to MQTT broker with code Success
2025-04-15 21:28:26,438 - INFO - Connected to MQTT broker with code Success
2025-04-15 21:28:28,411 - INFO - Connected to MQTT broker with code Success
2025-04-15 21:28:30,250 - INFO - Connected to MQTT broker with code Success
2025-04-15 21:28:32,191 - INFO - Connected to MQTT broker with code Success
2025-04-15 21:28:34,074 - INFO - Connected to MQTT broker with code Success
2025-04-15 21:28:35,933 - INFO - Connected to MQTT broker with code Success
2025-04-15 21:28:37,864 - INFO - Connected to MQTT broker with code Success
2025-04-15 21:28:41,064 - INFO - Connected to MQTT broker with code Success
2025-04-15 21:28:43,333 - INFO - Connected to MQTT broker with code Success
2025-04-15 21:28:45,435 - INFO - Connected to MQTT broker with code Success
2025-04-15 21:28:47,620 - INFO - Connected to MQTT broker with code Success
2025-04-15 21:28:49,556 - INFO - Connected to MQTT broker with code Success
2025-04-15 21:28:51,577 - INFO - Connected to MQTT broker with code Success
2025-04-15 21:28:53,748 - INFO - Connected to MQTT broker with code Success
2025-04-15 21:28:55,880 - INFO - Connected to MQTT broker with code Success
2025-04-15 21:28:57,764 - INFO - Connected to MQTT broker with code Success
2025-04-15 21:28:59,649 - INFO - Connected to MQTT broker with code Success
2025-04-15 21:29:01,605 - INFO - Connected to MQTT broker with code Success
2025-04-15 21:29:03,494 - INFO - Connected to MQTT broker with code Success
2025-04-15 21:29:06,507 - INFO - Connected to MQTT broker with code Success
2025-04-15 21:29:08,381 - INFO - Connected to MQTT broker with code Success
2025-04-15 21:29:10,238 - INFO - Connected to MQTT broker with code Success
2025-04-15 21:29:12,242 - INFO - Connected to MQTT broker with code Success
2025-04-15 21:29:14,176 - INFO - Connected to MQTT broker with code Success
2025-04-15 21:29:16,092 - INFO - Connected to MQTT broker with code Success
2025-04-15 21:29:18,059 - INFO - Connected to MQTT broker with code Success
2025-04-15 21:29:20,005 - INFO - Connected to MQTT broker with code Success
2025-04-15 21:29:22,488 - INFO - Connected to MQTT broker with code Success
2025-04-15 21:29:25,562 - INFO - Connected to MQTT broker with code Success
2025-04-15 21:29:27,990 - INFO - Connected to MQTT broker with code Success
2025-04-15 21:29:29,871 - INFO - Connected to MQTT broker with code Success
2025-04-15 21:29:31,885 - INFO - Connected to MQTT broker with code Success
2025-04-15 21:29:33,950 - INFO - Connected to MQTT broker with code Success
2025-04-15 21:29:36,009 - INFO - Connected to MQTT broker with code Success
2025-04-15 21:29:37,958 - INFO - Connected to MQTT broker with code Success
2025-04-15 21:29:39,814 - INFO - Connected to MQTT broker with code Success
2025-04-15 21:29:41,755 - INFO - Connected to MQTT broker with code Success
2025-04-15 21:29:43,730 - INFO - Connected to MQTT broker with code Success
2025-04-15 21:29:45,700 - INFO - Connected to MQTT broker with code Success
2025-04-15 21:29:47,617 - INFO - Connected to MQTT broker with code Success
2025-04-15 21:29:49,915 - INFO - Connected to MQTT broker with code Success
2025-04-15 21:29:52,049 - INFO - Connected to MQTT broker with code Success
2025-04-15 21:29:54,039 - INFO - Connected to MQTT broker with code Success
2025-04-15 21:29:55,894 - INFO - Connected to MQTT broker with code Success
2025-04-15 21:29:57,815 - INFO - Connected to MQTT broker with code Success
2025-04-15 21:30:00,111 - INFO - Connected to MQTT broker with code Success
2025-04-15 21:30:02,395 - INFO - Connected to MQTT broker with code Success
2025-04-15 21:30:04,466 - INFO - Connected to MQTT broker with code Success
2025-04-15 21:30:06,490 - INFO - Connected to MQTT broker with code Success
2025-04-15 21:30:08,781 - INFO - Connected to MQTT broker with code Success
2025-04-15 21:30:10,853 - INFO - Connected to MQTT broker with code Success
2025-04-15 21:30:12,716 - INFO - Connected to MQTT broker with code Success
2025-04-15 21:30:14,622 - INFO - Connected to MQTT broker with code Success
2025-04-15 21:30:16,617 - INFO - Connected to MQTT broker with code Success
2025-04-15 21:30:18,458 - INFO - Connected to MQTT broker with code Success
2025-04-15 21:30:20,343 - INFO - Connected to MQTT broker with code Success
2025-04-15 21:30:22,143 - INFO - Connected to MQTT broker with code Success
2025-04-15 21:30:23,999 - INFO - Connected to MQTT broker with code Success
2025-04-15 21:30:25,885 - INFO - Connected to MQTT broker with code Success
2025-04-15 21:30:27,783 - INFO - Connected to MQTT broker with code Success
2025-04-15 21:30:29,907 - INFO - Connected to MQTT broker with code Success
2025-04-15 21:30:31,872 - INFO - Connected to MQTT broker with code Success
2025-04-15 21:30:34,136 - INFO - Connected to MQTT broker with code Success
2025-04-15 21:30:36,142 - INFO - Connected to MQTT broker with code Success
2025-04-15 21:30:38,028 - INFO - Connected to MQTT broker with code Success
2025-04-15 21:30:39,988 - INFO - Connected to MQTT broker with code Success
2025-04-15 21:30:41,857 - INFO - Connected to MQTT broker with code Success
2025-04-15 21:30:43,884 - INFO - Connected to MQTT broker with code Success
2025-04-15 21:30:45,816 - INFO - Connected to MQTT broker with code Success
2025-04-15 21:30:47,981 - INFO - Connected to MQTT broker with code Success
2025-04-15 21:30:50,034 - INFO - Connected to MQTT broker with code Success
2025-04-15 21:30:51,895 - INFO - Connected to MQTT broker with code Success
2025-04-15 21:30:54,000 - INFO - Connected to MQTT broker with code Success
2025-04-15 21:30:56,081 - INFO - Connected to MQTT broker with code Success
2025-04-15 21:30:57,893 - INFO - Connected to MQTT broker with code Success
2025-04-15 21:30:59,747 - INFO - Connected to MQTT broker with code Success
2025-04-15 21:31:01,581 - INFO - Connected to MQTT broker with code Success
2025-04-15 21:31:03,587 - INFO - Connected to MQTT broker with code Success
2025-04-15 21:31:05,639 - INFO - Connected to MQTT broker with code Success
2025-04-15 21:31:07,721 - INFO - Connected to MQTT broker with code Success
2025-04-15 21:31:10,233 - INFO - Connected to MQTT broker with code Success
2025-04-15 21:31:12,249 - INFO - Connected to MQTT broker with code Success
2025-04-15 21:31:14,201 - INFO - Connected to MQTT broker with code Success
2025-04-15 21:31:16,024 - INFO - Connected to MQTT broker with code Success
2025-04-15 21:31:18,025 - INFO - Connected to MQTT broker with code Success
2025-04-15 21:31:19,932 - INFO - Connected to MQTT broker with code Success
2025-04-15 21:31:21,726 - INFO - Connected to MQTT broker with code Success
2025-04-15 21:31:23,548 - INFO - Connected to MQTT broker with code Success
2025-04-15 21:31:25,697 - INFO - Connected to MQTT broker with code Success
2025-04-15 21:31:27,633 - INFO - Connected to MQTT broker with code Success
2025-04-15 21:31:29,634 - INFO - Connected to MQTT broker with code Success
2025-04-15 21:31:31,784 - INFO - Connected to MQTT broker with code Success
2025-04-15 21:31:33,795 - INFO - Connected to MQTT broker with code Success
2025-04-15 21:31:37,288 - INFO - Connected to MQTT broker with code Success
2025-04-15 21:31:39,112 - INFO - Connected to MQTT broker with code Success
2025-04-15 21:31:40,989 - INFO - Connected to MQTT broker with code Success
2025-04-15 21:31:44,205 - INFO - Connected to MQTT broker with code Success
2025-04-15 21:31:47,364 - INFO - Connected to MQTT broker with code Success
2025-04-15 21:31:49,331 - INFO - Connected to MQTT broker with code Success
2025-04-15 21:31:51,346 - INFO - Connected to MQTT broker with code Success
2025-04-15 21:31:53,342 - INFO - Connected to MQTT broker with code Success
2025-04-15 21:31:56,277 - INFO - Connected to MQTT broker with code Success
2025-04-15 21:31:59,207 - INFO - Connected to MQTT broker with code Success
2025-04-15 21:32:01,175 - INFO - Connected to MQTT broker with code Success
2025-04-15 21:32:03,140 - INFO - Connected to MQTT broker with code Success
2025-04-15 21:32:05,044 - INFO - Connected to MQTT broker with code Success
2025-04-15 21:32:07,727 - INFO - Connected to MQTT broker with code Success
2025-04-15 21:32:08,847 - INFO - Connected to MQTT broker with code Success
2025-04-15 21:32:10,729 - INFO - Connected to MQTT broker with code Success
2025-04-15 21:32:12,643 - INFO - Connected to MQTT broker with code Success
2025-04-15 21:32:14,725 - INFO - Connected to MQTT broker with code Success
2025-04-15 21:32:16,597 - INFO - Connected to MQTT broker with code Success
2025-04-15 21:32:18,531 - INFO - Connected to MQTT broker with code Success
2025-04-15 21:32:20,472 - INFO - Connected to MQTT broker with code Success
2025-04-15 21:32:22,300 - INFO - Connected to MQTT broker with code Success
2025-04-15 21:32:24,164 - INFO - Connected to MQTT broker with code Success
2025-04-15 21:32:26,056 - INFO - Connected to MQTT broker with code Success
2025-04-15 21:32:27,912 - INFO - Connected to MQTT broker with code Success
2025-04-15 21:32:29,740 - INFO - Connected to MQTT broker with code Success
2025-04-15 21:32:31,598 - INFO - Connected to MQTT broker with code Success
2025-04-15 21:32:33,442 - INFO - Connected to MQTT broker with code Success
2025-04-15 21:32:35,325 - INFO - Connected to MQTT broker with code Success
2025-04-15 21:32:37,185 - INFO - Connected to MQTT broker with code Success
2025-04-15 21:32:39,067 - INFO - Connected to MQTT broker with code Success
2025-04-15 21:32:41,241 - INFO - Connected to MQTT broker with code Success
2025-04-15 21:32:43,384 - INFO - Connected to MQTT broker with code Success
2025-04-15 21:32:45,225 - INFO - Connected to MQTT broker with code Success
2025-04-15 21:32:47,093 - INFO - Connected to MQTT broker with code Success
2025-04-15 21:32:49,047 - INFO - Connected to MQTT broker with code Success
2025-04-15 21:32:50,875 - INFO - Connected to MQTT broker with code Success
2025-04-15 21:32:53,011 - INFO - Connected to MQTT broker with code Success
2025-04-15 21:32:54,843 - INFO - Connected to MQTT broker with code Success
2025-04-15 21:32:56,723 - INFO - Connected to MQTT broker with code Success
2025-04-15 21:32:58,634 - INFO - Connected to MQTT broker with code Success
2025-04-15 21:33:00,512 - INFO - Connected to MQTT broker with code Success
2025-04-15 21:33:02,318 - INFO - Connected to MQTT broker with code Success
2025-04-15 21:33:04,278 - INFO - Connected to MQTT broker with code Success
2025-04-15 21:33:06,143 - INFO - Connected to MQTT broker with code Success
2025-04-15 21:33:08,046 - INFO - Connected to MQTT broker with code Success
2025-04-15 21:33:10,007 - INFO - Connected to MQTT broker with code Success
2025-04-15 21:33:12,007 - INFO - Connected to MQTT broker with code Success
2025-04-15 21:33:13,932 - INFO - Connected to MQTT broker with code Success
2025-04-15 21:33:15,734 - INFO - Connected to MQTT broker with code Success
2025-04-15 21:33:17,658 - INFO - Connected to MQTT broker with code Success
2025-04-15 21:33:19,546 - INFO - Connected to MQTT broker with code Success
2025-04-15 21:33:21,385 - INFO - Connected to MQTT broker with code Success
2025-04-15 21:33:28,619 - INFO - Connected to MQTT broker with code Success
2025-04-15 21:33:30,509 - INFO - Connected to MQTT broker with code Success
2025-04-15 21:33:32,367 - INFO - Connected to MQTT broker with code Success
2025-04-15 21:33:34,220 - INFO - Connected to MQTT broker with code Success
2025-04-15 21:33:36,111 - INFO - Connected to MQTT broker with code Success
2025-04-15 21:33:38,057 - INFO - Connected to MQTT broker with code Success
2025-04-15 21:33:39,919 - INFO - Connected to MQTT broker with code Success
2025-04-15 21:33:41,701 - INFO - Connected to MQTT broker with code Success
2025-04-15 21:33:43,566 - INFO - Connected to MQTT broker with code Success
2025-04-15 21:33:45,515 - INFO - Successfully set default sound to filenumber 1
2025-04-15 21:33:45,523 - INFO - Connected to MQTT broker with code Success
2025-04-15 21:33:46,316 - INFO - Data sent successfully: {'current_audio': [{'status_code': 201}]}
2025-04-15 21:33:47,384 - INFO - Connected to MQTT broker with code Success
2025-04-15 21:33:49,368 - INFO - Connected to MQTT broker with code Success
2025-04-15 21:33:51,190 - INFO - Connected to MQTT broker with code Success
2025-04-15 21:33:52,830 - ERROR - Failed to publish to setting/sawah1/mp3player/default_filenumber, status: MQTTErrorCode.MQTT_ERR_NO_CONN
2025-04-15 21:33:53,230 - INFO - Connected to MQTT broker with code Success
2025-04-15 21:33:53,640 - INFO - Data sent successfully: {'current_audio': [{'status_code': 201}]}
2025-04-15 21:33:55,062 - INFO - Connected to MQTT broker with code Success
2025-04-15 21:33:56,440 - ERROR - Failed to publish to control/sawah1/mp3player/stop, status: MQTTErrorCode.MQTT_ERR_NO_CONN
2025-04-15 21:33:56,958 - INFO - Connected to MQTT broker with code Success
2025-04-15 21:33:58,862 - INFO - Connected to MQTT broker with code Success
2025-04-15 21:34:00,734 - INFO - Connected to MQTT broker with code Success
2025-04-15 21:34:06,688 - INFO - Initializing MQTT client with Client ID: dashboard-b6dffdc3-6e82-487b-9d41-0a3261d04e30
2025-04-15 21:34:07,443 - INFO - Initiated connection to broker 239c5a7e95d945809eafbdebe57802a5.s1.eu.hivemq.cloud:8883
2025-04-15 21:34:07,445 - INFO - MQTT client initialized successfully
2025-04-15 21:34:07,689 - INFO - Connected to MQTT broker with code Success
2025-04-15 21:37:06,863 - INFO - Successfully published to control/sawah1/mp3player/play
2025-04-15 21:37:08,393 - INFO - Successfully stopped sound
2025-04-15 21:37:10,310 - INFO - Successfully set volume to 30
2025-04-15 21:37:11,154 - INFO - Data sent successfully: {'speaker_volume': [{'status_code': 201}]}
2025-04-15 21:37:12,880 - INFO - Successfully set volume to 10
2025-04-15 21:37:14,031 - INFO - Data sent successfully: {'speaker_volume': [{'status_code': 201}]}
2025-04-15 21:37:16,087 - INFO - Successfully set default sound to filenumber 1
2025-04-15 21:37:16,905 - INFO - Data sent successfully: {'current_audio': [{'status_code': 201}]}
2025-04-15 21:37:23,240 - INFO - Successfully set volume to 18
2025-04-15 21:37:24,160 - INFO - Data sent successfully: {'speaker_volume': [{'status_code': 201}]}
2025-04-15 21:37:26,176 - INFO - Successfully played sound file 1
2025-04-15 21:37:32,903 - INFO - Successfully played sound file 4
2025-04-15 21:37:38,967 - INFO - Successfully set volume to 22
2025-04-15 21:37:39,828 - INFO - Data sent successfully: {'speaker_volume': [{'status_code': 201}]}
2025-04-15 21:37:44,005 - INFO - Successfully set volume to 30
2025-04-15 21:37:44,803 - INFO - Data sent successfully: {'speaker_volume': [{'status_code': 201}]}
2025-04-15 21:41:07,658 - INFO - Initializing MQTT client with Client ID: dashboard-b9dfbb45-d249-4ef7-bf5b-3009ee71fd68
2025-04-15 21:41:08,828 - INFO - Initiated connection to broker 239c5a7e95d945809eafbdebe57802a5.s1.eu.hivemq.cloud:8883
2025-04-15 21:41:08,831 - INFO - MQTT client initialized successfully
2025-04-15 21:41:09,128 - INFO - Connected to MQTT broker with code Success
2025-04-15 21:41:11,114 - INFO - Connected to MQTT broker with code Success
2025-04-15 21:41:13,020 - INFO - Connected to MQTT broker with code Success
2025-04-15 21:41:14,984 - INFO - Connected to MQTT broker with code Success
2025-04-15 21:41:16,870 - INFO - Connected to MQTT broker with code Success
2025-04-15 21:41:18,864 - INFO - Connected to MQTT broker with code Success
2025-04-15 21:41:20,709 - INFO - Connected to MQTT broker with code Success
2025-04-15 21:41:22,563 - INFO - Connected to MQTT broker with code Success
2025-04-15 21:41:24,511 - INFO - Connected to MQTT broker with code Success
2025-04-15 21:41:26,382 - INFO - Connected to MQTT broker with code Success
2025-04-15 21:41:28,291 - INFO - Connected to MQTT broker with code Success
2025-04-15 21:41:30,221 - INFO - Connected to MQTT broker with code Success
2025-04-15 21:41:32,120 - INFO - Connected to MQTT broker with code Success
2025-04-15 21:41:34,113 - INFO - Connected to MQTT broker with code Success
2025-04-15 21:41:36,058 - INFO - Connected to MQTT broker with code Success
2025-04-15 21:41:37,932 - INFO - Connected to MQTT broker with code Success
2025-04-15 21:41:39,942 - INFO - Connected to MQTT broker with code Success
2025-04-15 21:41:41,998 - INFO - Connected to MQTT broker with code Success
2025-04-15 21:41:44,046 - INFO - Connected to MQTT broker with code Success
2025-04-15 21:41:45,928 - INFO - Connected to MQTT broker with code Success
2025-04-15 21:41:47,937 - INFO - Connected to MQTT broker with code Success
2025-04-15 21:41:49,785 - INFO - Connected to MQTT broker with code Success
2025-04-15 21:41:51,725 - INFO - Connected to MQTT broker with code Success
2025-04-15 21:41:53,673 - INFO - Connected to MQTT broker with code Success
2025-04-15 21:41:55,821 - INFO - Connected to MQTT broker with code Success
2025-04-15 21:41:57,665 - INFO - Connected to MQTT broker with code Success
2025-04-15 21:41:59,510 - INFO - Connected to MQTT broker with code Success
2025-04-15 21:42:01,596 - INFO - Connected to MQTT broker with code Success
2025-04-15 21:42:03,543 - INFO - Connected to MQTT broker with code Success
2025-04-15 21:42:05,577 - INFO - Connected to MQTT broker with code Success
2025-04-15 21:42:07,484 - INFO - Connected to MQTT broker with code Success
2025-04-15 21:42:09,518 - INFO - Connected to MQTT broker with code Success
2025-04-15 21:42:11,506 - INFO - Connected to MQTT broker with code Success
2025-04-15 21:42:13,409 - INFO - Connected to MQTT broker with code Success
2025-04-15 21:42:15,262 - INFO - Connected to MQTT broker with code Success
2025-04-15 21:42:17,327 - INFO - Connected to MQTT broker with code Success
2025-04-15 21:42:19,400 - INFO - Connected to MQTT broker with code Success
2025-04-15 21:42:21,436 - INFO - Connected to MQTT broker with code Success
2025-04-15 21:42:23,262 - INFO - Connected to MQTT broker with code Success
2025-04-15 21:42:25,308 - INFO - Connected to MQTT broker with code Success
2025-04-15 21:42:27,119 - INFO - Connected to MQTT broker with code Success
2025-04-15 21:42:29,044 - INFO - Connected to MQTT broker with code Success
2025-04-15 21:42:31,148 - INFO - Connected to MQTT broker with code Success
2025-04-15 21:42:33,261 - INFO - Connected to MQTT broker with code Success
2025-04-15 21:42:35,196 - INFO - Connected to MQTT broker with code Success
2025-04-15 21:42:37,258 - INFO - Connected to MQTT broker with code Success
2025-04-15 21:42:39,115 - INFO - Connected to MQTT broker with code Success
2025-04-15 21:42:41,027 - INFO - Connected to MQTT broker with code Success
2025-04-15 21:42:43,135 - INFO - Connected to MQTT broker with code Success
2025-04-15 21:42:45,095 - INFO - Connected to MQTT broker with code Success
2025-04-15 21:42:47,123 - INFO - Connected to MQTT broker with code Success
2025-04-15 21:42:49,172 - INFO - Connected to MQTT broker with code Success
2025-04-15 21:42:51,259 - INFO - Connected to MQTT broker with code Success
2025-04-15 21:42:53,267 - INFO - Connected to MQTT broker with code Success
2025-04-15 21:42:55,171 - INFO - Connected to MQTT broker with code Success
2025-04-15 21:42:57,179 - INFO - Connected to MQTT broker with code Success
2025-04-15 21:42:59,233 - INFO - Connected to MQTT broker with code Success
2025-04-15 21:43:01,164 - INFO - Connected to MQTT broker with code Success
2025-04-15 21:43:03,023 - INFO - Connected to MQTT broker with code Success
2025-04-15 21:43:05,047 - INFO - Connected to MQTT broker with code Success
2025-04-15 21:43:07,195 - INFO - Connected to MQTT broker with code Success
2025-04-15 21:43:09,138 - INFO - Connected to MQTT broker with code Success
2025-04-15 21:43:11,500 - INFO - Connected to MQTT broker with code Success
2025-04-15 21:43:13,445 - INFO - Connected to MQTT broker with code Success
2025-04-15 21:43:15,424 - INFO - Connected to MQTT broker with code Success
2025-04-15 21:43:17,535 - INFO - Connected to MQTT broker with code Success
2025-04-15 21:43:19,765 - INFO - Connected to MQTT broker with code Success
2025-04-15 21:43:21,748 - INFO - Connected to MQTT broker with code Success
2025-04-15 21:43:24,006 - INFO - Connected to MQTT broker with code Success
2025-04-15 21:43:26,153 - INFO - Connected to MQTT broker with code Success
2025-04-15 21:43:28,276 - INFO - Connected to MQTT broker with code Success
2025-04-15 21:43:30,257 - INFO - Connected to MQTT broker with code Success
2025-04-15 21:43:32,488 - INFO - Connected to MQTT broker with code Success
2025-04-15 21:43:34,448 - INFO - Connected to MQTT broker with code Success
2025-04-15 21:43:36,532 - INFO - Connected to MQTT broker with code Success
2025-04-15 21:43:39,564 - INFO - Connected to MQTT broker with code Success
2025-04-15 21:43:41,560 - INFO - Connected to MQTT broker with code Success
2025-04-15 21:43:43,496 - INFO - Connected to MQTT broker with code Success
2025-04-15 21:43:45,592 - INFO - Connected to MQTT broker with code Success
2025-04-15 21:43:47,574 - INFO - Connected to MQTT broker with code Success
2025-04-15 21:43:49,705 - INFO - Connected to MQTT broker with code Success
2025-04-15 21:43:51,740 - INFO - Connected to MQTT broker with code Success
2025-04-15 21:43:53,608 - INFO - Connected to MQTT broker with code Success
2025-04-15 21:43:55,430 - INFO - Connected to MQTT broker with code Success
2025-04-15 21:43:57,256 - INFO - Connected to MQTT broker with code Success
2025-04-15 21:43:59,108 - INFO - Connected to MQTT broker with code Success
2025-04-15 21:44:01,157 - INFO - Connected to MQTT broker with code Success
2025-04-15 21:44:03,204 - INFO - Connected to MQTT broker with code Success
2025-04-15 21:44:05,209 - INFO - Connected to MQTT broker with code Success
2025-04-15 21:44:07,200 - INFO - Connected to MQTT broker with code Success
2025-04-15 21:44:09,269 - INFO - Connected to MQTT broker with code Success
2025-04-15 21:44:11,304 - INFO - Connected to MQTT broker with code Success
2025-04-15 21:44:13,240 - INFO - Connected to MQTT broker with code Success
2025-04-15 21:44:15,083 - INFO - Connected to MQTT broker with code Success
2025-04-15 21:44:16,947 - INFO - Connected to MQTT broker with code Success
2025-04-15 21:44:18,782 - INFO - Connected to MQTT broker with code Success
2025-04-15 21:44:20,821 - INFO - Connected to MQTT broker with code Success
2025-04-15 21:44:22,746 - INFO - Connected to MQTT broker with code Success
2025-04-15 21:44:25,016 - INFO - Connected to MQTT broker with code Success
2025-04-15 21:44:26,893 - INFO - Connected to MQTT broker with code Success
2025-04-15 21:44:28,910 - INFO - Connected to MQTT broker with code Success
2025-04-15 21:44:31,166 - INFO - Connected to MQTT broker with code Success
2025-04-15 21:44:34,260 - INFO - Connected to MQTT broker with code Success
2025-04-15 21:44:36,234 - INFO - Connected to MQTT broker with code Success
2025-04-15 21:44:38,287 - INFO - Connected to MQTT broker with code Success
2025-04-15 21:44:40,400 - INFO - Connected to MQTT broker with code Success
2025-04-15 21:44:43,569 - INFO - Connected to MQTT broker with code Success
2025-04-15 21:44:45,703 - INFO - Connected to MQTT broker with code Success
2025-04-15 21:44:47,999 - INFO - Connected to MQTT broker with code Success
2025-04-15 21:44:50,047 - INFO - Connected to MQTT broker with code Success
2025-04-15 21:44:52,052 - INFO - Connected to MQTT broker with code Success
2025-04-15 21:44:54,014 - INFO - Connected to MQTT broker with code Success
2025-04-15 21:44:55,949 - INFO - Connected to MQTT broker with code Success
2025-04-15 21:44:57,913 - INFO - Connected to MQTT broker with code Success
2025-04-15 21:44:59,832 - INFO - Connected to MQTT broker with code Success
2025-04-15 21:45:02,001 - INFO - Connected to MQTT broker with code Success
2025-04-15 21:45:04,132 - INFO - Connected to MQTT broker with code Success
2025-04-15 21:45:06,305 - INFO - Connected to MQTT broker with code Success
2025-04-15 21:45:08,243 - INFO - Connected to MQTT broker with code Success
2025-04-15 21:45:10,277 - INFO - Connected to MQTT broker with code Success
2025-04-15 21:45:12,449 - INFO - Connected to MQTT broker with code Success
2025-04-15 21:45:14,576 - INFO - Connected to MQTT broker with code Success
2025-04-15 21:45:16,522 - INFO - Connected to MQTT broker with code Success
2025-04-15 21:45:18,481 - INFO - Connected to MQTT broker with code Success
2025-04-15 21:45:20,516 - INFO - Connected to MQTT broker with code Success
2025-04-15 21:45:22,573 - INFO - Connected to MQTT broker with code Success
2025-04-15 21:45:24,738 - INFO - Connected to MQTT broker with code Success
2025-04-15 21:45:26,789 - INFO - Connected to MQTT broker with code Success
2025-04-15 21:45:28,636 - INFO - Connected to MQTT broker with code Success
2025-04-15 21:45:30,496 - INFO - Connected to MQTT broker with code Success
2025-04-15 21:45:32,497 - INFO - Connected to MQTT broker with code Success
2025-04-15 21:45:34,656 - INFO - Connected to MQTT broker with code Success
2025-04-15 21:45:37,329 - INFO - Connected to MQTT broker with code Success
2025-04-15 21:45:39,256 - INFO - Connected to MQTT broker with code Success
2025-04-15 21:45:41,273 - INFO - Connected to MQTT broker with code Success
2025-04-15 21:45:43,263 - INFO - Connected to MQTT broker with code Success
2025-04-15 21:45:45,296 - INFO - Connected to MQTT broker with code Success
2025-04-15 21:45:47,454 - INFO - Connected to MQTT broker with code Success
2025-04-15 21:45:49,598 - INFO - Connected to MQTT broker with code Success
2025-04-15 21:45:51,754 - INFO - Connected to MQTT broker with code Success
2025-04-15 21:45:53,750 - INFO - Connected to MQTT broker with code Success
2025-04-15 21:45:55,951 - INFO - Connected to MQTT broker with code Success
2025-04-15 21:45:57,997 - INFO - Connected to MQTT broker with code Success
2025-04-15 21:46:00,043 - INFO - Connected to MQTT broker with code Success
2025-04-15 21:46:02,301 - INFO - Connected to MQTT broker with code Success
2025-04-15 21:46:04,575 - INFO - Connected to MQTT broker with code Success
2025-04-15 21:46:07,722 - INFO - Connected to MQTT broker with code Success
2025-04-15 21:46:09,870 - INFO - Connected to MQTT broker with code Success
2025-04-15 21:46:12,260 - INFO - Connected to MQTT broker with code Success
2025-04-15 21:46:15,186 - INFO - Connected to MQTT broker with code Success
2025-04-15 21:46:17,503 - INFO - Connected to MQTT broker with code Success
2025-04-15 21:46:19,606 - INFO - Connected to MQTT broker with code Success
2025-04-15 21:46:21,551 - INFO - Connected to MQTT broker with code Success
2025-04-15 21:46:23,495 - INFO - Connected to MQTT broker with code Success
2025-04-15 21:46:25,559 - INFO - Connected to MQTT broker with code Success
2025-04-15 21:46:27,492 - INFO - Connected to MQTT broker with code Success
2025-04-15 21:46:29,533 - INFO - Connected to MQTT broker with code Success
2025-04-15 21:46:31,487 - INFO - Connected to MQTT broker with code Success
2025-04-15 21:46:33,423 - INFO - Connected to MQTT broker with code Success
2025-04-15 21:46:35,676 - INFO - Connected to MQTT broker with code Success
2025-04-15 21:46:37,732 - INFO - Connected to MQTT broker with code Success
2025-04-15 21:46:39,793 - INFO - Connected to MQTT broker with code Success
2025-04-15 21:46:41,820 - INFO - Connected to MQTT broker with code Success
2025-04-15 21:46:43,794 - INFO - Connected to MQTT broker with code Success
2025-04-15 21:46:45,878 - INFO - Connected to MQTT broker with code Success
2025-04-15 21:46:47,913 - INFO - Connected to MQTT broker with code Success
2025-04-15 21:46:50,020 - INFO - Connected to MQTT broker with code Success
2025-04-15 21:46:53,608 - INFO - Connected to MQTT broker with code Success
2025-04-15 21:46:56,672 - INFO - Connected to MQTT broker with code Success
2025-04-15 21:46:58,755 - INFO - Connected to MQTT broker with code Success
2025-04-15 21:47:01,073 - INFO - Connected to MQTT broker with code Success
2025-04-15 21:47:02,933 - INFO - Connected to MQTT broker with code Success
2025-04-15 21:47:04,985 - INFO - Connected to MQTT broker with code Success
2025-04-15 21:47:07,020 - INFO - Connected to MQTT broker with code Success
2025-04-15 21:47:09,057 - INFO - Connected to MQTT broker with code Success
2025-04-15 21:47:11,230 - INFO - Connected to MQTT broker with code Success
2025-04-15 21:47:13,161 - INFO - Connected to MQTT broker with code Success
2025-04-15 21:47:15,201 - INFO - Connected to MQTT broker with code Success
2025-04-15 21:47:17,259 - INFO - Connected to MQTT broker with code Success
2025-04-15 21:47:19,503 - INFO - Connected to MQTT broker with code Success
2025-04-15 21:47:21,465 - INFO - Connected to MQTT broker with code Success
2025-04-15 21:47:23,399 - INFO - Connected to MQTT broker with code Success
2025-04-15 21:47:25,300 - INFO - Connected to MQTT broker with code Success
2025-04-15 21:47:27,440 - INFO - Connected to MQTT broker with code Success
2025-04-15 21:47:29,442 - INFO - Connected to MQTT broker with code Success
2025-04-15 21:47:31,516 - INFO - Connected to MQTT broker with code Success
2025-04-15 21:47:33,541 - INFO - Connected to MQTT broker with code Success
2025-04-15 21:47:35,596 - INFO - Connected to MQTT broker with code Success
2025-04-15 21:47:43,297 - INFO - Connected to MQTT broker with code Success
2025-04-15 21:47:45,835 - INFO - Connected to MQTT broker with code Success
2025-04-15 21:47:48,597 - INFO - Connected to MQTT broker with code Success
2025-04-15 21:47:52,147 - INFO - Connected to MQTT broker with code Success
2025-04-15 21:47:54,947 - INFO - Connected to MQTT broker with code Success
2025-04-15 21:47:56,993 - INFO - Connected to MQTT broker with code Success
2025-04-15 21:47:59,969 - INFO - Connected to MQTT broker with code Success
2025-04-15 21:48:01,932 - INFO - Connected to MQTT broker with code Success
2025-04-15 21:48:03,817 - INFO - Connected to MQTT broker with code Success
2025-04-15 21:48:05,889 - INFO - Connected to MQTT broker with code Success
2025-04-15 21:48:08,195 - INFO - Connected to MQTT broker with code Success
2025-04-15 21:48:09,999 - INFO - Connected to MQTT broker with code Success
2025-04-15 21:48:12,135 - INFO - Connected to MQTT broker with code Success
2025-04-15 21:48:14,215 - INFO - Connected to MQTT broker with code Success
2025-04-15 21:48:16,259 - INFO - Connected to MQTT broker with code Success
2025-04-15 21:48:18,298 - INFO - Connected to MQTT broker with code Success
2025-04-15 21:48:20,248 - INFO - Connected to MQTT broker with code Success
2025-04-15 21:48:22,315 - INFO - Connected to MQTT broker with code Success
2025-04-15 21:48:24,353 - INFO - Connected to MQTT broker with code Success
2025-04-15 21:48:26,702 - INFO - Connected to MQTT broker with code Success
2025-04-15 21:48:28,776 - INFO - Connected to MQTT broker with code Success
2025-04-15 21:48:30,876 - INFO - Connected to MQTT broker with code Success
2025-04-15 21:48:33,641 - INFO - Connected to MQTT broker with code Success
2025-04-15 21:48:36,843 - INFO - Connected to MQTT broker with code Success
2025-04-15 21:48:38,891 - INFO - Connected to MQTT broker with code Success
2025-04-15 21:48:40,908 - INFO - Connected to MQTT broker with code Success
2025-04-15 21:48:43,218 - INFO - Connected to MQTT broker with code Success
2025-04-15 21:48:45,485 - INFO - Connected to MQTT broker with code Success
2025-04-15 21:48:47,572 - INFO - Connected to MQTT broker with code Success
2025-04-15 21:48:49,424 - INFO - Connected to MQTT broker with code Success
2025-04-15 21:48:51,295 - INFO - Connected to MQTT broker with code Success
2025-04-15 21:48:53,553 - INFO - Connected to MQTT broker with code Success
2025-04-15 21:48:55,360 - INFO - Connected to MQTT broker with code Success
2025-04-15 21:48:57,414 - INFO - Connected to MQTT broker with code Success
2025-04-15 21:48:59,445 - INFO - Connected to MQTT broker with code Success
2025-04-15 21:49:01,610 - INFO - Connected to MQTT broker with code Success
2025-04-15 21:49:03,665 - INFO - Connected to MQTT broker with code Success
2025-04-15 21:49:05,997 - INFO - Connected to MQTT broker with code Success
2025-04-15 21:49:08,174 - INFO - Connected to MQTT broker with code Success
2025-04-15 21:49:10,317 - INFO - Connected to MQTT broker with code Success
2025-04-15 21:49:12,338 - INFO - Connected to MQTT broker with code Success
2025-04-15 21:49:14,574 - INFO - Connected to MQTT broker with code Success
2025-04-15 21:49:16,586 - INFO - Connected to MQTT broker with code Success
2025-04-15 21:49:18,808 - INFO - Connected to MQTT broker with code Success
2025-04-15 21:49:20,845 - INFO - Connected to MQTT broker with code Success
2025-04-15 21:49:23,230 - INFO - Connected to MQTT broker with code Success
2025-04-15 21:49:25,263 - INFO - Connected to MQTT broker with code Success
2025-04-15 21:49:27,137 - INFO - Connected to MQTT broker with code Success
2025-04-15 21:49:29,053 - INFO - Connected to MQTT broker with code Success
2025-04-15 21:49:31,110 - INFO - Connected to MQTT broker with code Success
2025-04-15 21:49:32,988 - INFO - Connected to MQTT broker with code Success
2025-04-15 21:49:34,996 - INFO - Connected to MQTT broker with code Success
2025-04-15 21:49:37,083 - INFO - Connected to MQTT broker with code Success
2025-04-15 21:49:39,012 - INFO - Connected to MQTT broker with code Success
2025-04-15 21:49:46,285 - INFO - Connected to MQTT broker with code Success
2025-04-15 21:49:48,494 - INFO - Connected to MQTT broker with code Success
2025-04-15 21:49:50,853 - INFO - Connected to MQTT broker with code Success
2025-04-15 21:49:52,941 - INFO - Connected to MQTT broker with code Success
2025-04-15 21:49:55,174 - INFO - Connected to MQTT broker with code Success
2025-04-15 21:49:57,220 - INFO - Connected to MQTT broker with code Success
2025-04-15 21:49:59,762 - INFO - Connected to MQTT broker with code Success
2025-04-15 21:50:02,488 - INFO - Connected to MQTT broker with code Success
2025-04-15 21:50:05,311 - INFO - Connected to MQTT broker with code Success
2025-04-15 21:50:07,571 - INFO - Connected to MQTT broker with code Success
2025-04-15 21:50:10,714 - INFO - Connected to MQTT broker with code Success
2025-04-15 21:50:12,876 - INFO - Connected to MQTT broker with code Success
2025-04-15 21:50:18,006 - INFO - Connected to MQTT broker with code Success
2025-04-15 21:50:20,498 - INFO - Connected to MQTT broker with code Success
2025-04-15 21:50:23,330 - INFO - Connected to MQTT broker with code Success
2025-04-15 21:50:25,357 - INFO - Connected to MQTT broker with code Success
2025-04-15 21:50:28,224 - INFO - Connected to MQTT broker with code Success
2025-04-15 21:50:30,283 - INFO - Connected to MQTT broker with code Success
2025-04-15 21:50:32,116 - INFO - Connected to MQTT broker with code Success
2025-04-15 21:50:34,028 - INFO - Connected to MQTT broker with code Success
2025-04-15 21:50:36,025 - INFO - Connected to MQTT broker with code Success
2025-04-15 21:50:38,053 - INFO - Connected to MQTT broker with code Success
2025-04-15 21:50:40,125 - INFO - Connected to MQTT broker with code Success
2025-04-15 21:50:42,149 - INFO - Connected to MQTT broker with code Success
2025-04-15 21:50:44,197 - INFO - Connected to MQTT broker with code Success
2025-04-15 21:50:46,078 - INFO - Connected to MQTT broker with code Success
2025-04-15 21:50:48,332 - INFO - Connected to MQTT broker with code Success
2025-04-15 21:50:50,287 - INFO - Connected to MQTT broker with code Success
2025-04-15 21:50:52,594 - INFO - Connected to MQTT broker with code Success
2025-04-15 21:50:54,869 - INFO - Connected to MQTT broker with code Success
2025-04-15 21:50:57,030 - INFO - Connected to MQTT broker with code Success
2025-04-15 21:50:59,264 - INFO - Connected to MQTT broker with code Success
2025-04-15 21:51:01,316 - INFO - Connected to MQTT broker with code Success
2025-04-15 21:51:03,384 - INFO - Connected to MQTT broker with code Success
2025-04-15 21:51:05,568 - INFO - Connected to MQTT broker with code Success
2025-04-15 21:51:07,667 - INFO - Connected to MQTT broker with code Success
2025-04-15 21:51:10,763 - INFO - Connected to MQTT broker with code Success
2025-04-15 21:51:12,786 - INFO - Connected to MQTT broker with code Success
2025-04-15 21:51:14,919 - INFO - Connected to MQTT broker with code Success
2025-04-15 21:51:18,096 - INFO - Connected to MQTT broker with code Success
2025-04-15 21:51:23,660 - INFO - Connected to MQTT broker with code Success
2025-04-15 21:51:28,248 - INFO - Connected to MQTT broker with code Success
2025-04-15 21:51:30,179 - INFO - Connected to MQTT broker with code Success
2025-04-15 21:51:32,886 - INFO - Connected to MQTT broker with code Success
2025-04-15 21:51:34,989 - INFO - Connected to MQTT broker with code Success
2025-04-15 21:51:38,104 - INFO - Connected to MQTT broker with code Success
2025-04-15 21:51:40,006 - INFO - Connected to MQTT broker with code Success
2025-04-15 21:51:41,971 - INFO - Connected to MQTT broker with code Success
2025-04-15 21:51:43,844 - INFO - Connected to MQTT broker with code Success
2025-04-15 21:51:45,799 - INFO - Connected to MQTT broker with code Success
2025-04-15 21:51:47,686 - INFO - Connected to MQTT broker with code Success
2025-04-15 21:51:49,545 - INFO - Connected to MQTT broker with code Success
2025-04-15 21:51:51,472 - INFO - Connected to MQTT broker with code Success
2025-04-15 21:51:53,623 - INFO - Connected to MQTT broker with code Success
2025-04-15 21:51:55,671 - INFO - Connected to MQTT broker with code Success
2025-04-15 21:51:57,541 - INFO - Connected to MQTT broker with code Success
2025-04-15 21:51:59,471 - INFO - Connected to MQTT broker with code Success
2025-04-15 21:52:01,367 - INFO - Connected to MQTT broker with code Success
2025-04-15 21:52:03,354 - INFO - Connected to MQTT broker with code Success
2025-04-15 21:52:05,321 - INFO - Connected to MQTT broker with code Success
2025-04-15 21:52:07,382 - INFO - Connected to MQTT broker with code Success
2025-04-15 21:52:09,305 - INFO - Connected to MQTT broker with code Success
2025-04-15 21:52:11,248 - INFO - Connected to MQTT broker with code Success
2025-04-15 21:52:13,190 - INFO - Connected to MQTT broker with code Success
2025-04-15 21:52:15,331 - INFO - Connected to MQTT broker with code Success
2025-04-15 21:52:17,284 - INFO - Connected to MQTT broker with code Success
2025-04-15 21:52:19,251 - INFO - Connected to MQTT broker with code Success
2025-04-15 21:52:21,117 - INFO - Connected to MQTT broker with code Success
2025-04-15 21:52:23,113 - INFO - Connected to MQTT broker with code Success
2025-04-15 21:52:25,367 - INFO - Connected to MQTT broker with code Success
2025-04-15 21:52:27,518 - INFO - Connected to MQTT broker with code Success
2025-04-15 21:52:29,308 - INFO - Connected to MQTT broker with code Success
2025-04-15 21:52:31,314 - INFO - Connected to MQTT broker with code Success
2025-04-15 21:52:33,729 - INFO - Connected to MQTT broker with code Success
2025-04-15 21:52:35,608 - INFO - Connected to MQTT broker with code Success
2025-04-15 21:52:37,453 - INFO - Connected to MQTT broker with code Success
2025-04-15 21:52:39,289 - INFO - Connected to MQTT broker with code Success
2025-04-15 21:52:41,333 - INFO - Connected to MQTT broker with code Success
2025-04-15 21:52:43,981 - INFO - Connected to MQTT broker with code Success
2025-04-15 21:52:45,863 - INFO - Connected to MQTT broker with code Success
2025-04-15 21:52:47,701 - INFO - Connected to MQTT broker with code Success
2025-04-15 21:52:49,488 - INFO - Connected to MQTT broker with code Success
2025-04-15 21:52:52,295 - INFO - Connected to MQTT broker with code Success
2025-04-15 21:52:54,172 - INFO - Connected to MQTT broker with code Success
2025-04-15 21:52:56,222 - INFO - Connected to MQTT broker with code Success
2025-04-15 21:52:58,061 - INFO - Connected to MQTT broker with code Success
2025-04-15 21:53:00,283 - INFO - Connected to MQTT broker with code Success
2025-04-15 21:53:02,140 - INFO - Connected to MQTT broker with code Success
2025-04-15 21:53:03,962 - INFO - Connected to MQTT broker with code Success
2025-04-15 21:53:05,829 - INFO - Connected to MQTT broker with code Success
2025-04-15 21:53:07,656 - INFO - Connected to MQTT broker with code Success
2025-04-15 21:53:09,444 - INFO - Connected to MQTT broker with code Success
2025-04-15 21:53:11,401 - INFO - Connected to MQTT broker with code Success
2025-04-15 21:53:13,392 - INFO - Connected to MQTT broker with code Success
2025-04-15 21:53:15,439 - INFO - Connected to MQTT broker with code Success
2025-04-15 21:53:17,483 - INFO - Connected to MQTT broker with code Success
2025-04-15 21:53:19,537 - INFO - Connected to MQTT broker with code Success
2025-04-15 21:53:21,393 - INFO - Connected to MQTT broker with code Success
2025-04-15 21:53:23,449 - INFO - Connected to MQTT broker with code Success
2025-04-15 21:53:25,490 - INFO - Connected to MQTT broker with code Success
2025-04-15 21:53:27,455 - INFO - Connected to MQTT broker with code Success
2025-04-15 21:53:29,408 - INFO - Connected to MQTT broker with code Success
2025-04-15 21:53:31,330 - INFO - Connected to MQTT broker with code Success
2025-04-15 21:53:33,181 - INFO - Connected to MQTT broker with code Success
2025-04-15 21:53:35,222 - INFO - Connected to MQTT broker with code Success
2025-04-15 21:53:37,162 - INFO - Connected to MQTT broker with code Success
2025-04-15 21:53:39,092 - INFO - Connected to MQTT broker with code Success
2025-04-15 21:53:40,946 - INFO - Connected to MQTT broker with code Success
2025-04-15 21:53:42,762 - INFO - Connected to MQTT broker with code Success
2025-04-15 21:53:44,871 - INFO - Connected to MQTT broker with code Success
2025-04-15 21:53:46,839 - INFO - Connected to MQTT broker with code Success
2025-04-15 21:53:48,650 - INFO - Connected to MQTT broker with code Success
2025-04-15 21:53:50,717 - INFO - Connected to MQTT broker with code Success
2025-04-15 21:53:52,610 - INFO - Connected to MQTT broker with code Success
2025-04-15 21:53:54,558 - INFO - Connected to MQTT broker with code Success
